TN:
SF:script/Deploy.s.sol
DA:8,0
FN:8,Deploy.run
FNDA:0,Deploy.run
DA:9,0
DA:11,0
DA:15,0
FNF:1
FNH:0
LF:4
LH:0
BRF:0
BRH:0
end_of_record
TN:
SF:src/ClientFundsManager.sol
DA:60,3
FN:60,ClientFundsManager.depositSecurityDeposit
FNDA:3,ClientFundsManager.depositSecurityDeposit
DA:66,3
BRDA:66,0,0,-
BRDA:66,0,1,-
DA:67,3
BRDA:67,1,0,-
BRDA:67,1,1,-
DA:68,3
BRDA:68,2,0,-
BRDA:68,2,1,-
DA:71,3
DA:74,3
DA:76,3
DA:87,2
FN:87,ClientFundsManager.unlockSecurityDeposit
FNDA:2,ClientFundsManager.unlockSecurityDeposit
DA:94,2
BRDA:94,3,0,-
BRDA:94,3,1,-
DA:95,2
BRDA:95,4,0,-
BRDA:95,4,1,-
DA:97,2
DA:99,2
BRDA:99,5,0,-
BRDA:99,5,1,-
DA:103,2
BRDA:103,6,0,-
BRDA:103,6,1,-
DA:109,2
DA:112,2
DA:114,2
DA:124,0
FN:124,ClientFundsManager.changeRefundValue
FNDA:0,ClientFundsManager.changeRefundValue
DA:130,0
BRDA:130,7,0,-
BRDA:130,7,1,-
DA:131,0
BRDA:131,8,0,-
BRDA:131,8,1,-
DA:133,0
DA:135,0
BRDA:135,9,0,-
BRDA:135,9,1,-
DA:137,0
DA:140,0
DA:141,0
BRDA:141,10,0,-
BRDA:141,10,1,-
DA:145,0
DA:148,0
DA:156,2
FN:156,ClientFundsManager.withdrawFunds
FNDA:2,ClientFundsManager.withdrawFunds
DA:160,2
BRDA:160,11,0,-
BRDA:160,11,1,-
DA:162,2
DA:163,2
DA:165,2
DA:166,2
BRDA:166,12,0,-
BRDA:166,12,1,-
DA:169,2
DA:172,2
DA:174,2
DA:184,4
FN:184,ClientFundsManager.getClientFunds
FNDA:4,ClientFundsManager.getClientFunds
DA:189,4
DA:199,2
FN:199,ClientFundsManager.getWithdrawableAmount
FNDA:2,ClientFundsManager.getWithdrawableAmount
DA:204,2
DA:205,2
FNF:6
FNH:5
LF:40
LH:30
BRF:26
BRH:0
end_of_record
TN:
SF:src/EscrowContract.sol
DA:35,14
FN:35,EscrowContract.constructor
FNDA:14,EscrowContract.constructor
DA:36,0
DA:40,13
FN:40,EscrowContract.initialize
FNDA:13,EscrowContract.initialize
DA:41,13
DA:42,0
DA:43,0
DA:45,13
DA:46,13
DA:49,3
FN:49,EscrowContract._authorizeUpgrade
FNDA:3,EscrowContract._authorizeUpgrade
DA:57,10
FN:57,EscrowContract.setPaymentsContract
FNDA:10,EscrowContract.setPaymentsContract
DA:58,10
BRDA:58,0,0,-
BRDA:58,0,1,-
DA:59,10
DA:60,10
DA:61,10
DA:68,12
FN:68,EscrowContract.addOperator
FNDA:12,EscrowContract.addOperator
DA:71,12
DA:78,0
FN:78,EscrowContract.removeOperator
FNDA:0,EscrowContract.removeOperator
DA:81,0
DA:90,6
FN:90,EscrowContract.registerMonthlyPayment
FNDA:6,EscrowContract.registerMonthlyPayment
DA:95,6
DA:115,4
FN:115,EscrowContract.settlePaymentRail
FNDA:4,EscrowContract.settlePaymentRail
DA:131,4
DA:132,4
DA:140,4
FN:140,EscrowContract.withdrawTokens
FNDA:4,EscrowContract.withdrawTokens
DA:144,4
DA:153,5
FN:153,EscrowContract.getRailId
FNDA:5,EscrowContract.getRailId
DA:157,5
DA:166,1
FN:166,EscrowContract.railExists
FNDA:1,EscrowContract.railExists
DA:170,1
DA:178,4
FN:178,EscrowContract.terminatePaymentRail
FNDA:4,EscrowContract.terminatePaymentRail
DA:182,3
DA:193,3
FN:193,EscrowContract.depositSecurityDeposit
FNDA:3,EscrowContract.depositSecurityDeposit
DA:198,3
DA:208,2
FN:208,EscrowContract.unlockSecurityDeposit
FNDA:2,EscrowContract.unlockSecurityDeposit
DA:214,2
DA:228,0
FN:228,EscrowContract.changeRefundValue
FNDA:0,EscrowContract.changeRefundValue
DA:233,0
DA:240,2
FN:240,EscrowContract.withdrawClientFunds
FNDA:2,EscrowContract.withdrawClientFunds
DA:241,2
DA:250,4
FN:250,EscrowContract.getClientFunds
FNDA:4,EscrowContract.getClientFunds
DA:254,4
DA:263,2
FN:263,EscrowContract.getClientWithdrawableAmount
FNDA:2,EscrowContract.getClientWithdrawableAmount
DA:267,2
DA:278,1
FN:278,EscrowContract.updateProviderBalance
FNDA:1,EscrowContract.updateProviderBalance
DA:283,1
DA:290,1
FN:290,EscrowContract.withdrawProviderFunds
FNDA:1,EscrowContract.withdrawProviderFunds
DA:291,1
DA:300,1
FN:300,EscrowContract.getProviderBalance
FNDA:1,EscrowContract.getProviderBalance
DA:304,1
FNF:21
FNH:19
LF:49
LH:42
BRF:2
BRH:0
end_of_record
TN:
SF:src/PaymentManager.sol
DA:45,6
FN:45,PaymentManager.registerMonthlyPayment
FNDA:6,PaymentManager.registerMonthlyPayment
DA:52,6
BRDA:52,0,0,-
BRDA:52,0,1,-
DA:56,6
BRDA:56,1,0,-
BRDA:56,1,1,-
DA:57,6
BRDA:57,2,0,-
BRDA:57,2,1,-
DA:58,6
DA:60,6
BRDA:60,3,0,-
BRDA:60,3,1,-
DA:65,6
DA:67,6
DA:76,6
DA:78,6
DA:84,6
DA:100,4
FN:100,PaymentManager.settlePaymentRail
FNDA:4,PaymentManager.settlePaymentRail
DA:116,4
BRDA:116,4,0,-
BRDA:116,4,1,-
DA:120,4
BRDA:120,5,0,-
BRDA:120,5,1,-
DA:121,4
DA:122,4
BRDA:122,6,0,-
BRDA:122,6,1,-
DA:124,4
DA:125,4
DA:134,4
DA:145,4
DA:161,4
FN:161,PaymentManager.withdrawTokens
FNDA:4,PaymentManager.withdrawTokens
DA:166,4
BRDA:166,7,0,-
BRDA:166,7,1,-
DA:171,4
DA:172,4
DA:174,4
DA:182,10
FN:182,PaymentManager.setPaymentsContract
FNDA:10,PaymentManager.setPaymentsContract
DA:186,10
BRDA:186,8,0,-
BRDA:186,8,1,-
DA:187,10
DA:197,5
FN:197,PaymentManager.getRailId
FNDA:5,PaymentManager.getRailId
DA:202,5
DA:212,1
FN:212,PaymentManager.railExists
FNDA:1,PaymentManager.railExists
DA:217,1
DA:226,3
FN:226,PaymentManager.terminateRail
FNDA:3,PaymentManager.terminateRail
DA:231,3
BRDA:231,9,0,-
BRDA:231,9,1,-
DA:235,3
BRDA:235,10,0,-
BRDA:235,10,1,-
DA:237,3
DA:238,3
BRDA:238,11,0,-
BRDA:238,11,1,-
DA:240,3
DA:241,3
FNF:7
FNH:7
LF:39
LH:39
BRF:24
BRH:0
end_of_record
TN:
SF:src/ProviderFundsManager.sol
DA:41,1
FN:41,ProviderFundsManager.updateBalance
FNDA:1,ProviderFundsManager.updateBalance
DA:47,1
BRDA:47,0,0,-
BRDA:47,0,1,-
DA:48,1
BRDA:48,1,0,-
BRDA:48,1,1,-
DA:50,1
DA:52,1
BRDA:52,2,0,1
BRDA:52,2,1,-
DA:54,1
DA:59,0
DA:60,0
BRDA:60,3,0,-
BRDA:60,3,1,-
DA:64,0
DA:69,1
DA:82,1
FN:82,ProviderFundsManager.withdrawFunds
FNDA:1,ProviderFundsManager.withdrawFunds
DA:86,1
BRDA:86,4,0,-
BRDA:86,4,1,-
DA:88,1
DA:89,1
DA:91,1
BRDA:91,5,0,-
BRDA:91,5,1,-
DA:94,1
DA:97,1
DA:99,1
DA:109,1
FN:109,ProviderFundsManager.getBalance
FNDA:1,ProviderFundsManager.getBalance
DA:114,1
FNF:3
FNH:3
LF:20
LH:17
BRF:12
BRH:1
end_of_record
TN:
SF:src/test/mocks/MockERC20.sol
DA:9,10
FN:9,MockERC20.mint
FNDA:10,MockERC20.mint
DA:10,10
FNF:1
FNH:1
LF:2
LH:2
BRF:0
BRH:0
end_of_record
